[debug] [2024-04-07T22:22:50.880Z] ----------------------------------------------------------------------
[debug] [2024-04-07T22:22:50.884Z] Command:       C:\Program Files\nodejs\node.exe C:\Users\tmudgal\AppData\Roaming\npm\node_modules\firebase-tools\lib\bin\firebase.js init
[debug] [2024-04-07T22:22:50.885Z] CLI Version:   13.6.0
[debug] [2024-04-07T22:22:50.885Z] Platform:      win32
[debug] [2024-04-07T22:22:50.885Z] Node Version:  v21.6.2
[debug] [2024-04-07T22:22:50.886Z] Time:          Mon Apr 08 2024 03:52:50 GMT+0530 (India Standard Time)
[debug] [2024-04-07T22:22:50.886Z] ----------------------------------------------------------------------
[debug] 
[debug] [2024-04-07T22:22:50.895Z] >>> [apiv2][query] GET https://firebase-public.firebaseio.com/cli.json [none]
[debug] [2024-04-07T22:22:50.983Z] > command requires scopes: ["email","openid","https://www.googleapis.com/auth/cloudplatformprojects.readonly","https://www.googleapis.com/auth/firebase","https://www.googleapis.com/auth/cloud-platform"]
[debug] [2024-04-07T22:22:50.984Z] > authorizing via signed-in user (tanmayjobs619@gmail.com)
[info] 
     ######## #### ########  ######## ########     ###     ######  ########
     ##        ##  ##     ## ##       ##     ##  ##   ##  ##       ##
     ######    ##  ########  ######   ########  #########  ######  ######
     ##        ##  ##    ##  ##       ##     ## ##     ##       ## ##
     ##       #### ##     ## ######## ########  ##     ##  ######  ########

You're about to initialize a Firebase project in this directory:

  C:\Users\tmudgal\OneDrive - WatchGuard Technologies Inc\code\learning\quizzes

[debug] [2024-04-07T22:22:52.091Z] <<< [apiv2][status] GET https://firebase-public.firebaseio.com/cli.json 200
[debug] [2024-04-07T22:22:52.091Z] <<< [apiv2][body] GET https://firebase-public.firebaseio.com/cli.json {"cloudBuildErrorAfter":1594252800000,"cloudBuildWarnAfter":1590019200000,"defaultNode10After":1594252800000,"minVersion":"3.0.5","node8DeploysDisabledAfter":1613390400000,"node8RuntimeDisabledAfter":1615809600000,"node8WarnAfter":1600128000000}
